<?xml version="1.0" encoding="UTF-8"?>
<testsuite xmlns:xsi="http://www.w3.org/2001/XMLSchema-instance" xsi:noNamespaceSchemaLocation="https://maven.apache.org/surefire/maven-surefire-plugin/xsd/surefire-test-report.xsd" name="com.nh.memcache.MemcacheApplicationTests" time="1.371" tests="1" errors="1" skipped="0" failures="0">
  <properties>
[...]
</properties>
  <testcase name="contextLoads" classname="com.nh.memcache.MemcacheApplicationTests" time="0">
    <error message="Failed to load ApplicationContext" type="java.lang.IllegalStateException">java.lang.IllegalStateException: Failed to load ApplicationContext
Caused by: org.springframework.beans.factory.BeanCreationException: Error creating bean with name 'getMemcachedClinet' defined in class path resource [com/nh/memcache/config/MemcachedBuilder.class]: Bean instantiation via factory method failed; nested exception is org.springframework.beans.BeanInstantiationException: Failed to instantiate [net.rubyeye.xmemcached.MemcachedClient]: Factory method 'getMemcachedClinet' threw exception; nested exception is java.lang.IllegalArgumentException: Invalid opTimeout value:0
Caused by: org.springframework.beans.BeanInstantiationException: Failed to instantiate [net.rubyeye.xmemcached.MemcachedClient]: Factory method 'getMemcachedClinet' threw exception; nested exception is java.lang.IllegalArgumentException: Invalid opTimeout value:0
Caused by: java.lang.IllegalArgumentException: Invalid opTimeout value:0
</error>
    <system-out><![CDATA[13:57:45.821 [main] DEBUG org.springframework.test.context.junit4.SpringJUnit4ClassRunner - SpringJUnit4ClassRunner constructor called with [class com.nh.memcache.MemcacheApplicationTests]
13:57:45.826 [main] DEBUG org.springframework.test.context.BootstrapUtils - Instantiating CacheAwareContextLoaderDelegate from class [org.springframework.test.context.cache.DefaultCacheAwareContextLoaderDelegate]
13:57:45.837 [main] DEBUG org.springframework.test.context.BootstrapUtils - Instantiating BootstrapContext using constructor [public org.springframework.test.context.support.DefaultBootstrapContext(java.lang.Class,org.springframework.test.context.CacheAwareContextLoaderDelegate)]
13:57:45.860 [main] DEBUG org.springframework.test.context.BootstrapUtils - Instantiating TestContextBootstrapper for test class [com.nh.memcache.MemcacheApplicationTests] from class [org.springframework.boot.test.context.SpringBootTestContextBootstrapper]
13:57:45.876 [main] INFO org.springframework.boot.test.context.SpringBootTestContextBootstrapper - Neither @ContextConfiguration nor @ContextHierarchy found for test class [com.nh.memcache.MemcacheApplicationTests], using SpringBootContextLoader
13:57:45.880 [main] DEBUG org.springframework.test.context.support.AbstractContextLoader - Did not detect default resource location for test class [com.nh.memcache.MemcacheApplicationTests]: class path resource [com/nh/memcache/MemcacheApplicationTests-context.xml] does not exist
13:57:45.881 [main] DEBUG org.springframework.test.context.support.AbstractContextLoader - Did not detect default resource location for test class [com.nh.memcache.MemcacheApplicationTests]: class path resource [com/nh/memcache/MemcacheApplicationTestsContext.groovy] does not exist
13:57:45.882 [main] INFO org.springframework.test.context.support.AbstractContextLoader - Could not detect default resource locations for test class [com.nh.memcache.MemcacheApplicationTests]: no resource found for suffixes {-context.xml, Context.groovy}.
13:57:45.885 [main] INFO org.springframework.test.context.support.AnnotationConfigContextLoaderUtils - Could not detect default configuration classes for test class [com.nh.memcache.MemcacheApplicationTests]: MemcacheApplicationTests does not declare any static, non-private, non-final, nested classes annotated with @Configuration.
13:57:45.942 [main] DEBUG org.springframework.test.context.support.ActiveProfilesUtils - Could not find an 'annotation declaring class' for annotation type [org.springframework.test.context.ActiveProfiles] and class [com.nh.memcache.MemcacheApplicationTests]
13:57:45.955 [main] DEBUG org.springframework.core.env.StandardEnvironment - Adding PropertySource 'systemProperties' with lowest search precedence
13:57:45.955 [main] DEBUG org.springframework.core.env.StandardEnvironment - Adding PropertySource 'systemEnvironment' with lowest search precedence
13:57:45.956 [main] DEBUG org.springframework.core.env.StandardEnvironment - Initialized StandardEnvironment with PropertySources [MapPropertySource@999609945 {name='systemProperties', properties={java.runtime.name=Java(TM) SE Runtime Environment, sun.boot.library.path=/Library/Java/JavaVirtualMachines/jdk1.8.0_74.jdk/Contents/Home/jre/lib, java.vm.version=25.74-b02, gopherProxySet=false, java.vm.vendor=Oracle Corporation, java.vendor.url=http://java.oracle.com/, path.separator=:, java.vm.name=Java HotSpot(TM) 64-Bit Server VM, file.encoding.pkg=sun.io, user.country=CN, sun.java.launcher=SUN_STANDARD, sun.os.patch.level=unknown, java.vm.specification.name=Java Virtual Machine Specification, user.dir=/Users/nihui/Documents/IDEAProject/SpringBoot/springboot-22-memcache, java.runtime.version=1.8.0_74-b02, basedir=/Users/nihui/Documents/IDEAProject/SpringBoot/springboot-22-memcache, java.awt.graphicsenv=sun.awt.CGraphicsEnvironment, java.endorsed.dirs=/Library/Java/JavaVirtualMachines/jdk1.8.0_74.jdk/Contents/Home/jre/lib/endorsed, os.arch=x86_64, surefire.real.class.path=/Users/nihui/Documents/IDEAProject/SpringBoot/springboot-22-memcache/target/surefire/surefirebooter8042611704076024540.jar, java.io.tmpdir=/var/folders/j5/2623h9kj7235x5190hb1zs2w0000gn/T/, line.separator=
, java.vm.specification.vendor=Oracle Corporation, os.name=Mac OS X, sun.jnu.encoding=UTF-8, java.library.path=/Users/nihui/Library/Java/Extensions:/Library/Java/Extensions:/Network/Library/Java/Extensions:/System/Library/Java/Extensions:/usr/lib/java:., surefire.test.class.path=/Users/nihui/Documents/IDEAProject/SpringBoot/springboot-22-memcache/target/test-classes:/Users/nihui/Documents/IDEAProject/SpringBoot/springboot-22-memcache/target/classes:/Users/nihui/Documents/Maven/env/java/apache-maven-3.3.9/repo/org/springframework/boot/spring-boot-starter-web/2.0.3.RELEASE/spring-boot-starter-web-2.0.3.RELEASE.jar:/Users/nihui/Documents/Maven/env/java/apache-maven-3.3.9/repo/org/springframework/boot/spring-boot-starter/2.0.3.RELEASE/spring-boot-starter-2.0.3.RELEASE.jar:/Users/nihui/Documents/Maven/env/java/apache-maven-3.3.9/repo/org/springframework/boot/spring-boot/2.0.3.RELEASE/spring-boot-2.0.3.RELEASE.jar:/Users/nihui/Documents/Maven/env/java/apache-maven-3.3.9/repo/org/springframework/boot/spring-boot-autoconfigure/2.0.3.RELEASE/spring-boot-autoconfigure-2.0.3.RELEASE.jar:/Users/nihui/Documents/Maven/env/java/apache-maven-3.3.9/repo/org/springframework/boot/spring-boot-starter-logging/2.0.3.RELEASE/spring-boot-starter-logging-2.0.3.RELEASE.jar:/Users/nihui/Documents/Maven/env/java/apache-maven-3.3.9/repo/ch/qos/logback/logback-classic/1.2.3/logback-classic-1.2.3.jar:/Users/nihui/Documents/Maven/env/java/apache-maven-3.3.9/repo/ch/qos/logback/logback-core/1.2.3/logback-core-1.2.3.jar:/Users/nihui/Documents/Maven/env/java/apache-maven-3.3.9/repo/org/apache/logging/log4j/log4j-to-slf4j/2.10.0/log4j-to-slf4j-2.10.0.jar:/Users/nihui/Documents/Maven/env/java/apache-maven-3.3.9/repo/org/apache/logging/log4j/log4j-api/2.10.0/log4j-api-2.10.0.jar:/Users/nihui/Documents/Maven/env/java/apache-maven-3.3.9/repo/org/slf4j/jul-to-slf4j/1.7.25/jul-to-slf4j-1.7.25.jar:/Users/nihui/Documents/Maven/env/java/apache-maven-3.3.9/repo/javax/annotation/javax.annotation-api/1.3.2/javax.annotation-api-1.3.2.jar:/Users/nihui/Documents/Maven/env/java/apache-maven-3.3.9/repo/org/yaml/snakeyaml/1.19/snakeyaml-1.19.jar:/Users/nihui/Documents/Maven/env/java/apache-maven-3.3.9/repo/org/springframework/boot/spring-boot-starter-json/2.0.3.RELEASE/spring-boot-starter-json-2.0.3.RELEASE.jar:/Users/nihui/Documents/Maven/env/java/apache-maven-3.3.9/repo/com/fasterxml/jackson/core/jackson-databind/2.9.6/jackson-databind-2.9.6.jar:/Users/nihui/Documents/Maven/env/java/apache-maven-3.3.9/repo/com/fasterxml/jackson/core/jackson-annotations/2.9.0/jackson-annotations-2.9.0.jar:/Users/nihui/Documents/Maven/env/java/apache-maven-3.3.9/repo/com/fasterxml/jackson/core/jackson-core/2.9.6/jackson-core-2.9.6.jar:/Users/nihui/Documents/Maven/env/java/apache-maven-3.3.9/repo/com/fasterxml/jackson/datatype/jackson-datatype-jdk8/2.9.6/jackson-datatype-jdk8-2.9.6.jar:/Users/nihui/Documents/Maven/env/java/apache-maven-3.3.9/repo/com/fasterxml/jackson/datatype/jackson-datatype-jsr310/2.9.6/jackson-datatype-jsr310-2.9.6.jar:/Users/nihui/Documents/Maven/env/java/apache-maven-3.3.9/repo/com/fasterxml/jackson/module/jackson-module-parameter-names/2.9.6/jackson-module-parameter-names-2.9.6.jar:/Users/nihui/Documents/Maven/env/java/apache-maven-3.3.9/repo/org/springframework/boot/spring-boot-starter-tomcat/2.0.3.RELEASE/spring-boot-starter-tomcat-2.0.3.RELEASE.jar:/Users/nihui/Documents/Maven/env/java/apache-maven-3.3.9/repo/org/apache/tomcat/embed/tomcat-embed-core/8.5.31/tomcat-embed-core-8.5.31.jar:/Users/nihui/Documents/Maven/env/java/apache-maven-3.3.9/repo/org/apache/tomcat/embed/tomcat-embed-el/8.5.31/tomcat-embed-el-8.5.31.jar:/Users/nihui/Documents/Maven/env/java/apache-maven-3.3.9/repo/org/apache/tomcat/embed/tomcat-embed-websocket/8.5.31/tomcat-embed-websocket-8.5.31.jar:/Users/nihui/Documents/Maven/env/java/apache-maven-3.3.9/repo/org/hibernate/validator/hibernate-validator/6.0.10.Final/hibernate-validator-6.0.10.Final.jar:/Users/nihui/Documents/Maven/env/java/apache-maven-3.3.9/repo/javax/validation/validation-api/2.0.1.Final/validation-api-2.0.1.Final.jar:/Users/nihui/Documents/Maven/env/java/apache-maven-3.3.9/repo/org/jboss/logging/jboss-logging/3.3.2.Final/jboss-logging-3.3.2.Final.jar:/Users/nihui/Documents/Maven/env/java/apache-maven-3.3.9/repo/com/fasterxml/classmate/1.3.4/classmate-1.3.4.jar:/Users/nihui/Documents/Maven/env/java/apache-maven-3.3.9/repo/org/springframework/spring-web/5.0.7.RELEASE/spring-web-5.0.7.RELEASE.jar:/Users/nihui/Documents/Maven/env/java/apache-maven-3.3.9/repo/org/springframework/spring-beans/5.0.7.RELEASE/spring-beans-5.0.7.RELEASE.jar:/Users/nihui/Documents/Maven/env/java/apache-maven-3.3.9/repo/org/springframework/spring-webmvc/5.0.7.RELEASE/spring-webmvc-5.0.7.RELEASE.jar:/Users/nihui/Documents/Maven/env/java/apache-maven-3.3.9/repo/org/springframework/spring-aop/5.0.7.RELEASE/spring-aop-5.0.7.RELEASE.jar:/Users/nihui/Documents/Maven/env/java/apache-maven-3.3.9/repo/org/springframework/spring-context/5.0.7.RELEASE/spring-context-5.0.7.RELEASE.jar:/Users/nihui/Documents/Maven/env/java/apache-maven-3.3.9/repo/org/springframework/spring-expression/5.0.7.RELEASE/spring-expression-5.0.7.RELEASE.jar:/Users/nihui/Documents/Maven/env/java/apache-maven-3.3.9/repo/org/springframework/boot/spring-boot-starter-test/2.0.3.RELEASE/spring-boot-starter-test-2.0.3.RELEASE.jar:/Users/nihui/Documents/Maven/env/java/apache-maven-3.3.9/repo/org/springframework/boot/spring-boot-test/2.0.3.RELEASE/spring-boot-test-2.0.3.RELEASE.jar:/Users/nihui/Documents/Maven/env/java/apache-maven-3.3.9/repo/org/springframework/boot/spring-boot-test-autoconfigure/2.0.3.RELEASE/spring-boot-test-autoconfigure-2.0.3.RELEASE.jar:/Users/nihui/Documents/Maven/env/java/apache-maven-3.3.9/repo/com/jayway/jsonpath/json-path/2.4.0/json-path-2.4.0.jar:/Users/nihui/Documents/Maven/env/java/apache-maven-3.3.9/repo/net/minidev/json-smart/2.3/json-smart-2.3.jar:/Users/nihui/Documents/Maven/env/java/apache-maven-3.3.9/repo/net/minidev/accessors-smart/1.2/accessors-smart-1.2.jar:/Users/nihui/Documents/Maven/env/java/apache-maven-3.3.9/repo/org/ow2/asm/asm/5.0.4/asm-5.0.4.jar:/Users/nihui/Documents/Maven/env/java/apache-maven-3.3.9/repo/junit/junit/4.12/junit-4.12.jar:/Users/nihui/Documents/Maven/env/java/apache-maven-3.3.9/repo/org/assertj/assertj-core/3.9.1/assertj-core-3.9.1.jar:/Users/nihui/Documents/Maven/env/java/apache-maven-3.3.9/repo/org/mockito/mockito-core/2.15.0/mockito-core-2.15.0.jar:/Users/nihui/Documents/Maven/env/java/apache-maven-3.3.9/repo/net/bytebuddy/byte-buddy/1.7.11/byte-buddy-1.7.11.jar:/Users/nihui/Documents/Maven/env/java/apache-maven-3.3.9/repo/net/bytebuddy/byte-buddy-agent/1.7.11/byte-buddy-agent-1.7.11.jar:/Users/nihui/Documents/Maven/env/java/apache-maven-3.3.9/repo/org/objenesis/objenesis/2.6/objenesis-2.6.jar:/Users/nihui/Documents/Maven/env/java/apache-maven-3.3.9/repo/org/hamcrest/hamcrest-core/1.3/hamcrest-core-1.3.jar:/Users/nihui/Documents/Maven/env/java/apache-maven-3.3.9/repo/org/hamcrest/hamcrest-library/1.3/hamcrest-library-1.3.jar:/Users/nihui/Documents/Maven/env/java/apache-maven-3.3.9/repo/org/skyscreamer/jsonassert/1.5.0/jsonassert-1.5.0.jar:/Users/nihui/Documents/Maven/env/java/apache-maven-3.3.9/repo/com/vaadin/external/google/android-json/0.0.20131108.vaadin1/android-json-0.0.20131108.vaadin1.jar:/Users/nihui/Documents/Maven/env/java/apache-maven-3.3.9/repo/org/springframework/spring-core/5.0.7.RELEASE/spring-core-5.0.7.RELEASE.jar:/Users/nihui/Documents/Maven/env/java/apache-maven-3.3.9/repo/org/springframework/spring-jcl/5.0.7.RELEASE/spring-jcl-5.0.7.RELEASE.jar:/Users/nihui/Documents/Maven/env/java/apache-maven-3.3.9/repo/org/springframework/spring-test/5.0.7.RELEASE/spring-test-5.0.7.RELEASE.jar:/Users/nihui/Documents/Maven/env/java/apache-maven-3.3.9/repo/org/xmlunit/xmlunit-core/2.5.1/xmlunit-core-2.5.1.jar:/Users/nihui/Documents/Maven/env/java/apache-maven-3.3.9/repo/org/springframework/boot/spring-boot-configuration-processor/2.0.3.RELEASE/spring-boot-configuration-processor-2.0.3.RELEASE.jar:/Users/nihui/Documents/Maven/env/java/apache-maven-3.3.9/repo/com/googlecode/xmemcached/xmemcached/2.4.5/xmemcached-2.4.5.jar:/Users/nihui/Documents/Maven/env/java/apache-maven-3.3.9/repo/org/slf4j/slf4j-api/1.7.25/slf4j-api-1.7.25.jar:, java.specification.name=Java Platform API Specification, java.class.version=52.0, sun.management.compiler=HotSpot 64-Bit Tiered Compilers, os.version=10.14.5, http.nonProxyHosts=local|*.local|169.254/16|*.169.254/16, user.home=/Users/nihui, user.timezone=Asia/Shanghai, java.awt.printerjob=sun.lwawt.macosx.CPrinterJob, file.encoding=UTF-8, java.specification.version=1.8, java.class.path=/Users/nihui/Documents/IDEAProject/SpringBoot/springboot-22-memcache/target/test-classes:/Users/nihui/Documents/IDEAProject/SpringBoot/springboot-22-memcache/target/classes:/Users/nihui/Documents/Maven/env/java/apache-maven-3.3.9/repo/org/springframework/boot/spring-boot-starter-web/2.0.3.RELEASE/spring-boot-starter-web-2.0.3.RELEASE.jar:/Users/nihui/Documents/Maven/env/java/apache-maven-3.3.9/repo/org/springframework/boot/spring-boot-starter/2.0.3.RELEASE/spring-boot-starter-2.0.3.RELEASE.jar:/Users/nihui/Documents/Maven/env/java/apache-maven-3.3.9/repo/org/springframework/boot/spring-boot/2.0.3.RELEASE/spring-boot-2.0.3.RELEASE.jar:/Users/nihui/Documents/Maven/env/java/apache-maven-3.3.9/repo/org/springframework/boot/spring-boot-autoconfigure/2.0.3.RELEASE/spring-boot-autoconfigure-2.0.3.RELEASE.jar:/Users/nihui/Documents/Maven/env/java/apache-maven-3.3.9/repo/org/springframework/boot/spring-boot-starter-logging/2.0.3.RELEASE/spring-boot-starter-logging-2.0.3.RELEASE.jar:/Users/nihui/Documents/Maven/env/java/apache-maven-3.3.9/repo/ch/qos/logback/logback-classic/1.2.3/logback-classic-1.2.3.jar:/Users/nihui/Documents/Maven/env/java/apache-maven-3.3.9/repo/ch/qos/logback/logback-core/1.2.3/logback-core-1.2.3.jar:/Users/nihui/Documents/Maven/env/java/apache-maven-3.3.9/repo/org/apache/logging/log4j/log4j-to-slf4j/2.10.0/log4j-to-slf4j-2.10.0.jar:/Users/nihui/Documents/Maven/env/java/apache-maven-3.3.9/repo/org/apache/logging/log4j/log4j-api/2.10.0/log4j-api-2.10.0.jar:/Users/nihui/Documents/Maven/env/java/apache-maven-3.3.9/repo/org/slf4j/jul-to-slf4j/1.7.25/jul-to-slf4j-1.7.25.jar:/Users/nihui/Documents/Maven/env/java/apache-maven-3.3.9/repo/javax/annotation/javax.annotation-api/1.3.2/javax.annotation-api-1.3.2.jar:/Users/nihui/Documents/Maven/env/java/apache-maven-3.3.9/repo/org/yaml/snakeyaml/1.19/snakeyaml-1.19.jar:/Users/nihui/Documents/Maven/env/java/apache-maven-3.3.9/repo/org/springframework/boot/spring-boot-starter-json/2.0.3.RELEASE/spring-boot-starter-json-2.0.3.RELEASE.jar:/Users/nihui/Documents/Maven/env/java/apache-maven-3.3.9/repo/com/fasterxml/jackson/core/jackson-databind/2.9.6/jackson-databind-2.9.6.jar:/Users/nihui/Documents/Maven/env/java/apache-maven-3.3.9/repo/com/fasterxml/jackson/core/jackson-annotations/2.9.0/jackson-annotations-2.9.0.jar:/Users/nihui/Documents/Maven/env/java/apache-maven-3.3.9/repo/com/fasterxml/jackson/core/jackson-core/2.9.6/jackson-core-2.9.6.jar:/Users/nihui/Documents/Maven/env/java/apache-maven-3.3.9/repo/com/fasterxml/jackson/datatype/jackson-datatype-jdk8/2.9.6/jackson-datatype-jdk8-2.9.6.jar:/Users/nihui/Documents/Maven/env/java/apache-maven-3.3.9/repo/com/fasterxml/jackson/datatype/jackson-datatype-jsr310/2.9.6/jackson-datatype-jsr310-2.9.6.jar:/Users/nihui/Documents/Maven/env/java/apache-maven-3.3.9/repo/com/fasterxml/jackson/module/jackson-module-parameter-names/2.9.6/jackson-module-parameter-names-2.9.6.jar:/Users/nihui/Documents/Maven/env/java/apache-maven-3.3.9/repo/org/springframework/boot/spring-boot-starter-tomcat/2.0.3.RELEASE/spring-boot-starter-tomcat-2.0.3.RELEASE.jar:/Users/nihui/Documents/Maven/env/java/apache-maven-3.3.9/repo/org/apache/tomcat/embed/tomcat-embed-core/8.5.31/tomcat-embed-core-8.5.31.jar:/Users/nihui/Documents/Maven/env/java/apache-maven-3.3.9/repo/org/apache/tomcat/embed/tomcat-embed-el/8.5.31/tomcat-embed-el-8.5.31.jar:/Users/nihui/Documents/Maven/env/java/apache-maven-3.3.9/repo/org/apache/tomcat/embed/tomcat-embed-websocket/8.5.31/tomcat-embed-websocket-8.5.31.jar:/Users/nihui/Documents/Maven/env/java/apache-maven-3.3.9/repo/org/hibernate/validator/hibernate-validator/6.0.10.Final/hibernate-validator-6.0.10.Final.jar:/Users/nihui/Documents/Maven/env/java/apache-maven-3.3.9/repo/javax/validation/validation-api/2.0.1.Final/validation-api-2.0.1.Final.jar:/Users/nihui/Documents/Maven/env/java/apache-maven-3.3.9/repo/org/jboss/logging/jboss-logging/3.3.2.Final/jboss-logging-3.3.2.Final.jar:/Users/nihui/Documents/Maven/env/java/apache-maven-3.3.9/repo/com/fasterxml/classmate/1.3.4/classmate-1.3.4.jar:/Users/nihui/Documents/Maven/env/java/apache-maven-3.3.9/repo/org/springframework/spring-web/5.0.7.RELEASE/spring-web-5.0.7.RELEASE.jar:/Users/nihui/Documents/Maven/env/java/apache-maven-3.3.9/repo/org/springframework/spring-beans/5.0.7.RELEASE/spring-beans-5.0.7.RELEASE.jar:/Users/nihui/Documents/Maven/env/java/apache-maven-3.3.9/repo/org/springframework/spring-webmvc/5.0.7.RELEASE/spring-webmvc-5.0.7.RELEASE.jar:/Users/nihui/Documents/Maven/env/java/apache-maven-3.3.9/repo/org/springframework/spring-aop/5.0.7.RELEASE/spring-aop-5.0.7.RELEASE.jar:/Users/nihui/Documents/Maven/env/java/apache-maven-3.3.9/repo/org/springframework/spring-context/5.0.7.RELEASE/spring-context-5.0.7.RELEASE.jar:/Users/nihui/Documents/Maven/env/java/apache-maven-3.3.9/repo/org/springframework/spring-expression/5.0.7.RELEASE/spring-expression-5.0.7.RELEASE.jar:/Users/nihui/Documents/Maven/env/java/apache-maven-3.3.9/repo/org/springframework/boot/spring-boot-starter-test/2.0.3.RELEASE/spring-boot-starter-test-2.0.3.RELEASE.jar:/Users/nihui/Documents/Maven/env/java/apache-maven-3.3.9/repo/org/springframework/boot/spring-boot-test/2.0.3.RELEASE/spring-boot-test-2.0.3.RELEASE.jar:/Users/nihui/Documents/Maven/env/java/apache-maven-3.3.9/repo/org/springframework/boot/spring-boot-test-autoconfigure/2.0.3.RELEASE/spring-boot-test-autoconfigure-2.0.3.RELEASE.jar:/Users/nihui/Documents/Maven/env/java/apache-maven-3.3.9/repo/com/jayway/jsonpath/json-path/2.4.0/json-path-2.4.0.jar:/Users/nihui/Documents/Maven/env/java/apache-maven-3.3.9/repo/net/minidev/json-smart/2.3/json-smart-2.3.jar:/Users/nihui/Documents/Maven/env/java/apache-maven-3.3.9/repo/net/minidev/accessors-smart/1.2/accessors-smart-1.2.jar:/Users/nihui/Documents/Maven/env/java/apache-maven-3.3.9/repo/org/ow2/asm/asm/5.0.4/asm-5.0.4.jar:/Users/nihui/Documents/Maven/env/java/apache-maven-3.3.9/repo/junit/junit/4.12/junit-4.12.jar:/Users/nihui/Documents/Maven/env/java/apache-maven-3.3.9/repo/org/assertj/assertj-core/3.9.1/assertj-core-3.9.1.jar:/Users/nihui/Documents/Maven/env/java/apache-maven-3.3.9/repo/org/mockito/mockito-core/2.15.0/mockito-core-2.15.0.jar:/Users/nihui/Documents/Maven/env/java/apache-maven-3.3.9/repo/net/bytebuddy/byte-buddy/1.7.11/byte-buddy-1.7.11.jar:/Users/nihui/Documents/Maven/env/java/apache-maven-3.3.9/repo/net/bytebuddy/byte-buddy-agent/1.7.11/byte-buddy-agent-1.7.11.jar:/Users/nihui/Documents/Maven/env/java/apache-maven-3.3.9/repo/org/objenesis/objenesis/2.6/objenesis-2.6.jar:/Users/nihui/Documents/Maven/env/java/apache-maven-3.3.9/repo/org/hamcrest/hamcrest-core/1.3/hamcrest-core-1.3.jar:/Users/nihui/Documents/Maven/env/java/apache-maven-3.3.9/repo/org/hamcrest/hamcrest-library/1.3/hamcrest-library-1.3.jar:/Users/nihui/Documents/Maven/env/java/apache-maven-3.3.9/repo/org/skyscreamer/jsonassert/1.5.0/jsonassert-1.5.0.jar:/Users/nihui/Documents/Maven/env/java/apache-maven-3.3.9/repo/com/vaadin/external/google/android-json/0.0.20131108.vaadin1/android-json-0.0.20131108.vaadin1.jar:/Users/nihui/Documents/Maven/env/java/apache-maven-3.3.9/repo/org/springframework/spring-core/5.0.7.RELEASE/spring-core-5.0.7.RELEASE.jar:/Users/nihui/Documents/Maven/env/java/apache-maven-3.3.9/repo/org/springframework/spring-jcl/5.0.7.RELEASE/spring-jcl-5.0.7.RELEASE.jar:/Users/nihui/Documents/Maven/env/java/apache-maven-3.3.9/repo/org/springframework/spring-test/5.0.7.RELEASE/spring-test-5.0.7.RELEASE.jar:/Users/nihui/Documents/Maven/env/java/apache-maven-3.3.9/repo/org/xmlunit/xmlunit-core/2.5.1/xmlunit-core-2.5.1.jar:/Users/nihui/Documents/Maven/env/java/apache-maven-3.3.9/repo/org/springframework/boot/spring-boot-configuration-processor/2.0.3.RELEASE/spring-boot-configuration-processor-2.0.3.RELEASE.jar:/Users/nihui/Documents/Maven/env/java/apache-maven-3.3.9/repo/com/googlecode/xmemcached/xmemcached/2.4.5/xmemcached-2.4.5.jar:/Users/nihui/Documents/Maven/env/java/apache-maven-3.3.9/repo/org/slf4j/slf4j-api/1.7.25/slf4j-api-1.7.25.jar:, user.name=nihui, java.vm.specification.version=1.8, sun.java.command=/Users/nihui/Documents/IDEAProject/SpringBoot/springboot-22-memcache/target/surefire/surefirebooter8042611704076024540.jar /Users/nihui/Documents/IDEAProject/SpringBoot/springboot-22-memcache/target/surefire 2019-09-21T13-57-35_369-jvmRun1 surefire5868924828148798768tmp surefire_09190107250723949388tmp, java.home=/Library/Java/JavaVirtualMachines/jdk1.8.0_74.jdk/Contents/Home/jre, sun.arch.data.model=64, user.language=zh, java.specification.vendor=Oracle Corporation, awt.toolkit=sun.lwawt.macosx.LWCToolkit, java.vm.info=mixed mode, java.version=1.8.0_74, java.ext.dirs=/Users/nihui/Library/Java/Extensions:/Library/Java/JavaVirtualMachines/jdk1.8.0_74.jdk/Contents/Home/jre/lib/ext:/Library/Java/Extensions:/Network/Library/Java/Extensions:/System/Library/Java/Extensions:/usr/lib/java, sun.boot.class.path=/Library/Java/JavaVirtualMachines/jdk1.8.0_74.jdk/Contents/Home/jre/lib/resources.jar:/Library/Java/JavaVirtualMachines/jdk1.8.0_74.jdk/Contents/Home/jre/lib/rt.jar:/Library/Java/JavaVirtualMachines/jdk1.8.0_74.jdk/Contents/Home/jre/lib/sunrsasign.jar:/Library/Java/JavaVirtualMachines/jdk1.8.0_74.jdk/Contents/Home/jre/lib/jsse.jar:/Library/Java/JavaVirtualMachines/jdk1.8.0_74.jdk/Contents/Home/jre/lib/jce.jar:/Library/Java/JavaVirtualMachines/jdk1.8.0_74.jdk/Contents/Home/jre/lib/charsets.jar:/Library/Java/JavaVirtualMachines/jdk1.8.0_74.jdk/Contents/Home/jre/lib/jfr.jar:/Library/Java/JavaVirtualMachines/jdk1.8.0_74.jdk/Contents/Home/jre/classes, java.vendor=Oracle Corporation, localRepository=/Users/nihui/Documents/Maven/env/java/apache-maven-3.3.9/repo, file.separator=/, java.vendor.url.bug=http://bugreport.sun.com/bugreport/, sun.io.unicode.encoding=UnicodeBig, sun.cpu.endian=little, socksNonProxyHosts=local|*.local|169.254/16|*.169.254/16, ftp.nonProxyHosts=local|*.local|169.254/16|*.169.254/16, sun.cpu.isalist=}}, SystemEnvironmentPropertySource@615634843 {name='systemEnvironment', properties={PATH=/Library/Frameworks/Python.framework/Versions/3.6/bin:/usr/local/bin:/usr/bin:/bin:/usr/sbin:/sbin:/Users/nihui/Documents/Maven/apache-maven-3.6.1/bin:/Users/nihui/Documents/Gradle/gradle-4.6/bin:/usr/local/mysql/bin:/Users/nihui/Documents/NodeJSAndNpm/node-v10.16.3-darwin-x64/bin, JAVA_ARCH=x86_64, TERM=xterm-256color, GRADLE_HOME=/Users/nihui/Documents/Gradle/gradle-4.6, MAVEN_HOME=/Users/nihui/Documents/Maven/apache-maven-3.6.1, LOGNAME=nihui, NPM_HOME=/Users/nihui/Documents/NodeJSAndNpm/node-v10.16.3-darwin-x64, XPC_SERVICE_NAME=0, PWD=/Users/nihui/Documents/IDEAProject/SpringBoot/springboot-22-memcache, MAVEN_CMD_LINE_ARGS= install, _=/Library/Java/JavaVirtualMachines/jdk1.8.0_74.jdk/Contents/Home/jre/bin/java, SHELL=/bin/bash, MAVEN_PROJECTBASEDIR=/Users/nihui/Documents/IDEAProject/SpringBoot/springboot-22-memcache, OLDPWD=/Users/nihui/Documents/IDEAProject/SpringBoot/springboot-22-memcache, USER=nihui, TMPDIR=/var/folders/j5/2623h9kj7235x5190hb1zs2w0000gn/T/, SSH_AUTH_SOCK=/private/tmp/com.apple.launchd.a9UpclGJYs/Listeners, XPC_FLAGS=0x0, JAVA_MAIN_CLASS_2609=org.apache.maven.surefire.booter.ForkedBooter, __CF_USER_TEXT_ENCODING=0x1F5:0x19:0x34, Apple_PubSub_Socket_Render=/private/tmp/com.apple.launchd.DJDGySHS3M/Render, com.apple.java.jvmTask=CommandLine, LC_CTYPE=zh_CN.UTF-8, JAVA_MAIN_CLASS_2589=org.codehaus.plexus.classworlds.launcher.Launcher, HOME=/Users/nihui, SHLVL=2}}]
13:57:45.973 [main] DEBUG org.springframework.core.io.support.PathMatchingResourcePatternResolver - Resolved classpath location [com/nh/memcache/] to resources [URL [file:/Users/nihui/Documents/IDEAProject/SpringBoot/springboot-22-memcache/target/test-classes/com/nh/memcache/], URL [file:/Users/nihui/Documents/IDEAProject/SpringBoot/springboot-22-memcache/target/classes/com/nh/memcache/]]
13:57:45.973 [main] DEBUG org.springframework.core.io.support.PathMatchingResourcePatternResolver - Looking for matching resources in directory tree [/Users/nihui/Documents/IDEAProject/SpringBoot/springboot-22-memcache/target/test-classes/com/nh/memcache]
13:57:45.973 [main] DEBUG org.springframework.core.io.support.PathMatchingResourcePatternResolver - Searching directory [/Users/nihui/Documents/IDEAProject/SpringBoot/springboot-22-memcache/target/test-classes/com/nh/memcache] for files matching pattern [/Users/nihui/Documents/IDEAProject/SpringBoot/springboot-22-memcache/target/test-classes/com/nh/memcache/*.class]
13:57:45.975 [main] DEBUG org.springframework.core.io.support.PathMatchingResourcePatternResolver - Looking for matching resources in directory tree [/Users/nihui/Documents/IDEAProject/SpringBoot/springboot-22-memcache/target/classes/com/nh/memcache]
13:57:45.976 [main] DEBUG org.springframework.core.io.support.PathMatchingResourcePatternResolver - Searching directory [/Users/nihui/Documents/IDEAProject/SpringBoot/springboot-22-memcache/target/classes/com/nh/memcache] for files matching pattern [/Users/nihui/Documents/IDEAProject/SpringBoot/springboot-22-memcache/target/classes/com/nh/memcache/*.class]
13:57:45.976 [main] DEBUG org.springframework.core.io.support.PathMatchingResourcePatternResolver - Resolved location pattern [classpath*:com/nh/memcache/*.class] to resources [file [/Users/nihui/Documents/IDEAProject/SpringBoot/springboot-22-memcache/target/test-classes/com/nh/memcache/MemcacheApplicationTests.class], file [/Users/nihui/Documents/IDEAProject/SpringBoot/springboot-22-memcache/target/classes/com/nh/memcache/MemcacheApplication.class]]
13:57:46.034 [main] DEBUG org.springframework.context.annotation.ClassPathScanningCandidateComponentProvider - Identified candidate component class: file [/Users/nihui/Documents/IDEAProject/SpringBoot/springboot-22-memcache/target/classes/com/nh/memcache/MemcacheApplication.class]
13:57:46.035 [main] INFO org.springframework.boot.test.context.SpringBootTestContextBootstrapper - Found @SpringBootConfiguration com.nh.memcache.MemcacheApplication for test class com.nh.memcache.MemcacheApplicationTests
13:57:46.151 [main] DEBUG org.springframework.boot.test.context.SpringBootTestContextBootstrapper - @TestExecutionListeners is not present for class [com.nh.memcache.MemcacheApplicationTests]: using defaults.
13:57:46.151 [main] INFO org.springframework.boot.test.context.SpringBootTestContextBootstrapper - Loaded default TestExecutionListener class names from location [META-INF/spring.factories]: [org.springframework.boot.test.mock.mockito.MockitoTestExecutionListener, org.springframework.boot.test.mock.mockito.ResetMocksTestExecutionListener, org.springframework.boot.test.autoconfigure.restdocs.RestDocsTestExecutionListener, org.springframework.boot.test.autoconfigure.web.client.MockRestServiceServerResetTestExecutionListener, org.springframework.boot.test.autoconfigure.web.servlet.MockMvcPrintOnlyOnFailureTestExecutionListener, org.springframework.boot.test.autoconfigure.web.servlet.WebDriverTestExecutionListener, org.springframework.test.context.web.ServletTestExecutionListener, org.springframework.test.context.support.DirtiesContextBeforeModesTestExecutionListener, org.springframework.test.context.support.DependencyInjectionTestExecutionListener, org.springframework.test.context.support.DirtiesContextTestExecutionListener, org.springframework.test.context.transaction.TransactionalTestExecutionListener, org.springframework.test.context.jdbc.SqlScriptsTestExecutionListener]
13:57:46.162 [main] DEBUG org.springframework.boot.test.context.SpringBootTestContextBootstrapper - Skipping candidate TestExecutionListener [org.springframework.test.context.transaction.TransactionalTestExecutionListener] due to a missing dependency. Specify custom listener classes or make the default listener classes and their required dependencies available. Offending class: [org/springframework/transaction/interceptor/TransactionAttributeSource]
13:57:46.163 [main] DEBUG org.springframework.boot.test.context.SpringBootTestContextBootstrapper - Skipping candidate TestExecutionListener [org.springframework.test.context.jdbc.SqlScriptsTestExecutionListener] due to a missing dependency. Specify custom listener classes or make the default listener classes and their required dependencies available. Offending class: [org/springframework/transaction/interceptor/TransactionAttribute]
13:57:46.163 [main] INFO org.springframework.boot.test.context.SpringBootTestContextBootstrapper - Using TestExecutionListeners: [org.springframework.test.context.web.ServletTestExecutionListener@34a3d150, org.springframework.test.context.support.DirtiesContextBeforeModesTestExecutionListener@2a4fb17b, org.springframework.boot.test.mock.mockito.MockitoTestExecutionListener@5c6648b0, org.springframework.boot.test.autoconfigure.SpringBootDependencyInjectionTestExecutionListener@6f1de4c7, org.springframework.test.context.support.DirtiesContextTestExecutionListener@459e9125, org.springframework.boot.test.mock.mockito.ResetMocksTestExecutionListener@128d2484, org.springframework.boot.test.autoconfigure.restdocs.RestDocsTestExecutionListener@7cc0cdad, org.springframework.boot.test.autoconfigure.web.client.MockRestServiceServerResetTestExecutionListener@7c7b252e, org.springframework.boot.test.autoconfigure.web.servlet.MockMvcPrintOnlyOnFailureTestExecutionListener@4d5d943d, org.springframework.boot.test.autoconfigure.web.servlet.WebDriverTestExecutionListener@368f2016]
13:57:46.164 [main] DEBUG org.springframework.test.annotation.ProfileValueUtils - Retrieved @ProfileValueSourceConfiguration [null] for test class [com.nh.memcache.MemcacheApplicationTests]
13:57:46.165 [main] DEBUG org.springframework.test.annotation.ProfileValueUtils - Retrieved ProfileValueSource type [class org.springframework.test.annotation.SystemProfileValueSource] for class [com.nh.memcache.MemcacheApplicationTests]
13:57:46.165 [main] DEBUG org.springframework.test.annotation.ProfileValueUtils - Retrieved @ProfileValueSourceConfiguration [null] for test class [com.nh.memcache.MemcacheApplicationTests]
13:57:46.165 [main] DEBUG org.springframework.test.annotation.ProfileValueUtils - Retrieved ProfileValueSource type [class org.springframework.test.annotation.SystemProfileValueSource] for class [com.nh.memcache.MemcacheApplicationTests]
13:57:46.166 [main] DEBUG org.springframework.test.annotation.ProfileValueUtils - Retrieved @ProfileValueSourceConfiguration [null] for test class [com.nh.memcache.MemcacheApplicationTests]
13:57:46.166 [main] DEBUG org.springframework.test.annotation.ProfileValueUtils - Retrieved ProfileValueSource type [class org.springframework.test.annotation.SystemProfileValueSource] for class [com.nh.memcache.MemcacheApplicationTests]
13:57:46.169 [main] DEBUG org.springframework.test.context.support.AbstractDirtiesContextTestExecutionListener - Before test class: context [DefaultTestContext@74235045 testClass = MemcacheApplicationTests, testInstance = [null], testMethod = [null], testException = [null], mergedContextConfiguration = [WebMergedContextConfiguration@618b19ad testClass = MemcacheApplicationTests, locations = '{}', classes = '{class com.nh.memcache.MemcacheApplication}', contextInitializerClasses = '[]', activeProfiles = '{}', propertySourceLocations = '{}', propertySourceProperties = '{org.springframework.boot.test.context.SpringBootTestContextBootstrapper=true}', contextCustomizers = set[org.springframework.boot.test.context.filter.ExcludeFilterContextCustomizer@6121c9d6, org.springframework.boot.test.json.DuplicateJsonObjectContextCustomizerFactory$DuplicateJsonObjectContextCustomizer@eafc191, org.springframework.boot.test.mock.mockito.MockitoContextCustomizer@0, org.springframework.boot.test.web.client.TestRestTemplateContextCustomizer@8e24743, org.springframework.boot.test.autoconfigure.properties.PropertyMappingContextCustomizer@0, org.springframework.boot.test.autoconfigure.web.servlet.WebDriverContextCustomizerFactory$Customizer@4fb64261], resourceBasePath = 'src/main/webapp', contextLoader = 'org.springframework.boot.test.context.SpringBootContextLoader', parent = [null]], attributes = map['org.springframework.test.context.web.ServletTestExecutionListener.activateListener' -> true]], class annotated with @DirtiesContext [false] with mode [null].
13:57:46.169 [main] DEBUG org.springframework.test.annotation.ProfileValueUtils - Retrieved @ProfileValueSourceConfiguration [null] for test class [com.nh.memcache.MemcacheApplicationTests]
13:57:46.169 [main] DEBUG org.springframework.test.annotation.ProfileValueUtils - Retrieved ProfileValueSource type [class org.springframework.test.annotation.SystemProfileValueSource] for class [com.nh.memcache.MemcacheApplicationTests]
13:57:46.190 [main] DEBUG org.springframework.core.env.StandardEnvironment - Adding PropertySource 'systemProperties' with lowest search precedence
13:57:46.190 [main] DEBUG org.springframework.core.env.StandardEnvironment - Adding PropertySource 'systemEnvironment' with lowest search precedence
13:57:46.190 [main] DEBUG org.springframework.core.env.StandardEnvironment - Initialized StandardEnvironment with PropertySources [MapPropertySource@198099809 {name='systemProperties', properties={java.runtime.name=Java(TM) SE Runtime Environment, sun.boot.library.path=/Library/Java/JavaVirtualMachines/jdk1.8.0_74.jdk/Contents/Home/jre/lib, java.vm.version=25.74-b02, gopherProxySet=false, java.vm.vendor=Oracle Corporation, java.vendor.url=http://java.oracle.com/, path.separator=:, java.vm.name=Java HotSpot(TM) 64-Bit Server VM, file.encoding.pkg=sun.io, user.country=CN, sun.java.launcher=SUN_STANDARD, sun.os.patch.level=unknown, java.vm.specification.name=Java Virtual Machine Specification, user.dir=/Users/nihui/Documents/IDEAProject/SpringBoot/springboot-22-memcache, java.runtime.version=1.8.0_74-b02, basedir=/Users/nihui/Documents/IDEAProject/SpringBoot/springboot-22-memcache, java.awt.graphicsenv=sun.awt.CGraphicsEnvironment, java.endorsed.dirs=/Library/Java/JavaVirtualMachines/jdk1.8.0_74.jdk/Contents/Home/jre/lib/endorsed, os.arch=x86_64, surefire.real.class.path=/Users/nihui/Documents/IDEAProject/SpringBoot/springboot-22-memcache/target/surefire/surefirebooter8042611704076024540.jar, java.io.tmpdir=/var/folders/j5/2623h9kj7235x5190hb1zs2w0000gn/T/, line.separator=
, java.vm.specification.vendor=Oracle Corporation, os.name=Mac OS X, sun.jnu.encoding=UTF-8, java.library.path=/Users/nihui/Library/Java/Extensions:/Library/Java/Extensions:/Network/Library/Java/Extensions:/System/Library/Java/Extensions:/usr/lib/java:., surefire.test.class.path=/Users/nihui/Documents/IDEAProject/SpringBoot/springboot-22-memcache/target/test-classes:/Users/nihui/Documents/IDEAProject/SpringBoot/springboot-22-memcache/target/classes:/Users/nihui/Documents/Maven/env/java/apache-maven-3.3.9/repo/org/springframework/boot/spring-boot-starter-web/2.0.3.RELEASE/spring-boot-starter-web-2.0.3.RELEASE.jar:/Users/nihui/Documents/Maven/env/java/apache-maven-3.3.9/repo/org/springframework/boot/spring-boot-starter/2.0.3.RELEASE/spring-boot-starter-2.0.3.RELEASE.jar:/Users/nihui/Documents/Maven/env/java/apache-maven-3.3.9/repo/org/springframework/boot/spring-boot/2.0.3.RELEASE/spring-boot-2.0.3.RELEASE.jar:/Users/nihui/Documents/Maven/env/java/apache-maven-3.3.9/repo/org/springframework/boot/spring-boot-autoconfigure/2.0.3.RELEASE/spring-boot-autoconfigure-2.0.3.RELEASE.jar:/Users/nihui/Documents/Maven/env/java/apache-maven-3.3.9/repo/org/springframework/boot/spring-boot-starter-logging/2.0.3.RELEASE/spring-boot-starter-logging-2.0.3.RELEASE.jar:/Users/nihui/Documents/Maven/env/java/apache-maven-3.3.9/repo/ch/qos/logback/logback-classic/1.2.3/logback-classic-1.2.3.jar:/Users/nihui/Documents/Maven/env/java/apache-maven-3.3.9/repo/ch/qos/logback/logback-core/1.2.3/logback-core-1.2.3.jar:/Users/nihui/Documents/Maven/env/java/apache-maven-3.3.9/repo/org/apache/logging/log4j/log4j-to-slf4j/2.10.0/log4j-to-slf4j-2.10.0.jar:/Users/nihui/Documents/Maven/env/java/apache-maven-3.3.9/repo/org/apache/logging/log4j/log4j-api/2.10.0/log4j-api-2.10.0.jar:/Users/nihui/Documents/Maven/env/java/apache-maven-3.3.9/repo/org/slf4j/jul-to-slf4j/1.7.25/jul-to-slf4j-1.7.25.jar:/Users/nihui/Documents/Maven/env/java/apache-maven-3.3.9/repo/javax/annotation/javax.annotation-api/1.3.2/javax.annotation-api-1.3.2.jar:/Users/nihui/Documents/Maven/env/java/apache-maven-3.3.9/repo/org/yaml/snakeyaml/1.19/snakeyaml-1.19.jar:/Users/nihui/Documents/Maven/env/java/apache-maven-3.3.9/repo/org/springframework/boot/spring-boot-starter-json/2.0.3.RELEASE/spring-boot-starter-json-2.0.3.RELEASE.jar:/Users/nihui/Documents/Maven/env/java/apache-maven-3.3.9/repo/com/fasterxml/jackson/core/jackson-databind/2.9.6/jackson-databind-2.9.6.jar:/Users/nihui/Documents/Maven/env/java/apache-maven-3.3.9/repo/com/fasterxml/jackson/core/jackson-annotations/2.9.0/jackson-annotations-2.9.0.jar:/Users/nihui/Documents/Maven/env/java/apache-maven-3.3.9/repo/com/fasterxml/jackson/core/jackson-core/2.9.6/jackson-core-2.9.6.jar:/Users/nihui/Documents/Maven/env/java/apache-maven-3.3.9/repo/com/fasterxml/jackson/datatype/jackson-datatype-jdk8/2.9.6/jackson-datatype-jdk8-2.9.6.jar:/Users/nihui/Documents/Maven/env/java/apache-maven-3.3.9/repo/com/fasterxml/jackson/datatype/jackson-datatype-jsr310/2.9.6/jackson-datatype-jsr310-2.9.6.jar:/Users/nihui/Documents/Maven/env/java/apache-maven-3.3.9/repo/com/fasterxml/jackson/module/jackson-module-parameter-names/2.9.6/jackson-module-parameter-names-2.9.6.jar:/Users/nihui/Documents/Maven/env/java/apache-maven-3.3.9/repo/org/springframework/boot/spring-boot-starter-tomcat/2.0.3.RELEASE/spring-boot-starter-tomcat-2.0.3.RELEASE.jar:/Users/nihui/Documents/Maven/env/java/apache-maven-3.3.9/repo/org/apache/tomcat/embed/tomcat-embed-core/8.5.31/tomcat-embed-core-8.5.31.jar:/Users/nihui/Documents/Maven/env/java/apache-maven-3.3.9/repo/org/apache/tomcat/embed/tomcat-embed-el/8.5.31/tomcat-embed-el-8.5.31.jar:/Users/nihui/Documents/Maven/env/java/apache-maven-3.3.9/repo/org/apache/tomcat/embed/tomcat-embed-websocket/8.5.31/tomcat-embed-websocket-8.5.31.jar:/Users/nihui/Documents/Maven/env/java/apache-maven-3.3.9/repo/org/hibernate/validator/hibernate-validator/6.0.10.Final/hibernate-validator-6.0.10.Final.jar:/Users/nihui/Documents/Maven/env/java/apache-maven-3.3.9/repo/javax/validation/validation-api/2.0.1.Final/validation-api-2.0.1.Final.jar:/Users/nihui/Documents/Maven/env/java/apache-maven-3.3.9/repo/org/jboss/logging/jboss-logging/3.3.2.Final/jboss-logging-3.3.2.Final.jar:/Users/nihui/Documents/Maven/env/java/apache-maven-3.3.9/repo/com/fasterxml/classmate/1.3.4/classmate-1.3.4.jar:/Users/nihui/Documents/Maven/env/java/apache-maven-3.3.9/repo/org/springframework/spring-web/5.0.7.RELEASE/spring-web-5.0.7.RELEASE.jar:/Users/nihui/Documents/Maven/env/java/apache-maven-3.3.9/repo/org/springframework/spring-beans/5.0.7.RELEASE/spring-beans-5.0.7.RELEASE.jar:/Users/nihui/Documents/Maven/env/java/apache-maven-3.3.9/repo/org/springframework/spring-webmvc/5.0.7.RELEASE/spring-webmvc-5.0.7.RELEASE.jar:/Users/nihui/Documents/Maven/env/java/apache-maven-3.3.9/repo/org/springframework/spring-aop/5.0.7.RELEASE/spring-aop-5.0.7.RELEASE.jar:/Users/nihui/Documents/Maven/env/java/apache-maven-3.3.9/repo/org/springframework/spring-context/5.0.7.RELEASE/spring-context-5.0.7.RELEASE.jar:/Users/nihui/Documents/Maven/env/java/apache-maven-3.3.9/repo/org/springframework/spring-expression/5.0.7.RELEASE/spring-expression-5.0.7.RELEASE.jar:/Users/nihui/Documents/Maven/env/java/apache-maven-3.3.9/repo/org/springframework/boot/spring-boot-starter-test/2.0.3.RELEASE/spring-boot-starter-test-2.0.3.RELEASE.jar:/Users/nihui/Documents/Maven/env/java/apache-maven-3.3.9/repo/org/springframework/boot/spring-boot-test/2.0.3.RELEASE/spring-boot-test-2.0.3.RELEASE.jar:/Users/nihui/Documents/Maven/env/java/apache-maven-3.3.9/repo/org/springframework/boot/spring-boot-test-autoconfigure/2.0.3.RELEASE/spring-boot-test-autoconfigure-2.0.3.RELEASE.jar:/Users/nihui/Documents/Maven/env/java/apache-maven-3.3.9/repo/com/jayway/jsonpath/json-path/2.4.0/json-path-2.4.0.jar:/Users/nihui/Documents/Maven/env/java/apache-maven-3.3.9/repo/net/minidev/json-smart/2.3/json-smart-2.3.jar:/Users/nihui/Documents/Maven/env/java/apache-maven-3.3.9/repo/net/minidev/accessors-smart/1.2/accessors-smart-1.2.jar:/Users/nihui/Documents/Maven/env/java/apache-maven-3.3.9/repo/org/ow2/asm/asm/5.0.4/asm-5.0.4.jar:/Users/nihui/Documents/Maven/env/java/apache-maven-3.3.9/repo/junit/junit/4.12/junit-4.12.jar:/Users/nihui/Documents/Maven/env/java/apache-maven-3.3.9/repo/org/assertj/assertj-core/3.9.1/assertj-core-3.9.1.jar:/Users/nihui/Documents/Maven/env/java/apache-maven-3.3.9/repo/org/mockito/mockito-core/2.15.0/mockito-core-2.15.0.jar:/Users/nihui/Documents/Maven/env/java/apache-maven-3.3.9/repo/net/bytebuddy/byte-buddy/1.7.11/byte-buddy-1.7.11.jar:/Users/nihui/Documents/Maven/env/java/apache-maven-3.3.9/repo/net/bytebuddy/byte-buddy-agent/1.7.11/byte-buddy-agent-1.7.11.jar:/Users/nihui/Documents/Maven/env/java/apache-maven-3.3.9/repo/org/objenesis/objenesis/2.6/objenesis-2.6.jar:/Users/nihui/Documents/Maven/env/java/apache-maven-3.3.9/repo/org/hamcrest/hamcrest-core/1.3/hamcrest-core-1.3.jar:/Users/nihui/Documents/Maven/env/java/apache-maven-3.3.9/repo/org/hamcrest/hamcrest-library/1.3/hamcrest-library-1.3.jar:/Users/nihui/Documents/Maven/env/java/apache-maven-3.3.9/repo/org/skyscreamer/jsonassert/1.5.0/jsonassert-1.5.0.jar:/Users/nihui/Documents/Maven/env/java/apache-maven-3.3.9/repo/com/vaadin/external/google/android-json/0.0.20131108.vaadin1/android-json-0.0.20131108.vaadin1.jar:/Users/nihui/Documents/Maven/env/java/apache-maven-3.3.9/repo/org/springframework/spring-core/5.0.7.RELEASE/spring-core-5.0.7.RELEASE.jar:/Users/nihui/Documents/Maven/env/java/apache-maven-3.3.9/repo/org/springframework/spring-jcl/5.0.7.RELEASE/spring-jcl-5.0.7.RELEASE.jar:/Users/nihui/Documents/Maven/env/java/apache-maven-3.3.9/repo/org/springframework/spring-test/5.0.7.RELEASE/spring-test-5.0.7.RELEASE.jar:/Users/nihui/Documents/Maven/env/java/apache-maven-3.3.9/repo/org/xmlunit/xmlunit-core/2.5.1/xmlunit-core-2.5.1.jar:/Users/nihui/Documents/Maven/env/java/apache-maven-3.3.9/repo/org/springframework/boot/spring-boot-configuration-processor/2.0.3.RELEASE/spring-boot-configuration-processor-2.0.3.RELEASE.jar:/Users/nihui/Documents/Maven/env/java/apache-maven-3.3.9/repo/com/googlecode/xmemcached/xmemcached/2.4.5/xmemcached-2.4.5.jar:/Users/nihui/Documents/Maven/env/java/apache-maven-3.3.9/repo/org/slf4j/slf4j-api/1.7.25/slf4j-api-1.7.25.jar:, java.specification.name=Java Platform API Specification, java.class.version=52.0, sun.management.compiler=HotSpot 64-Bit Tiered Compilers, os.version=10.14.5, http.nonProxyHosts=local|*.local|169.254/16|*.169.254/16, user.home=/Users/nihui, user.timezone=Asia/Shanghai, java.awt.printerjob=sun.lwawt.macosx.CPrinterJob, file.encoding=UTF-8, java.specification.version=1.8, java.class.path=/Users/nihui/Documents/IDEAProject/SpringBoot/springboot-22-memcache/target/test-classes:/Users/nihui/Documents/IDEAProject/SpringBoot/springboot-22-memcache/target/classes:/Users/nihui/Documents/Maven/env/java/apache-maven-3.3.9/repo/org/springframework/boot/spring-boot-starter-web/2.0.3.RELEASE/spring-boot-starter-web-2.0.3.RELEASE.jar:/Users/nihui/Documents/Maven/env/java/apache-maven-3.3.9/repo/org/springframework/boot/spring-boot-starter/2.0.3.RELEASE/spring-boot-starter-2.0.3.RELEASE.jar:/Users/nihui/Documents/Maven/env/java/apache-maven-3.3.9/repo/org/springframework/boot/spring-boot/2.0.3.RELEASE/spring-boot-2.0.3.RELEASE.jar:/Users/nihui/Documents/Maven/env/java/apache-maven-3.3.9/repo/org/springframework/boot/spring-boot-autoconfigure/2.0.3.RELEASE/spring-boot-autoconfigure-2.0.3.RELEASE.jar:/Users/nihui/Documents/Maven/env/java/apache-maven-3.3.9/repo/org/springframework/boot/spring-boot-starter-logging/2.0.3.RELEASE/spring-boot-starter-logging-2.0.3.RELEASE.jar:/Users/nihui/Documents/Maven/env/java/apache-maven-3.3.9/repo/ch/qos/logback/logback-classic/1.2.3/logback-classic-1.2.3.jar:/Users/nihui/Documents/Maven/env/java/apache-maven-3.3.9/repo/ch/qos/logback/logback-core/1.2.3/logback-core-1.2.3.jar:/Users/nihui/Documents/Maven/env/java/apache-maven-3.3.9/repo/org/apache/logging/log4j/log4j-to-slf4j/2.10.0/log4j-to-slf4j-2.10.0.jar:/Users/nihui/Documents/Maven/env/java/apache-maven-3.3.9/repo/org/apache/logging/log4j/log4j-api/2.10.0/log4j-api-2.10.0.jar:/Users/nihui/Documents/Maven/env/java/apache-maven-3.3.9/repo/org/slf4j/jul-to-slf4j/1.7.25/jul-to-slf4j-1.7.25.jar:/Users/nihui/Documents/Maven/env/java/apache-maven-3.3.9/repo/javax/annotation/javax.annotation-api/1.3.2/javax.annotation-api-1.3.2.jar:/Users/nihui/Documents/Maven/env/java/apache-maven-3.3.9/repo/org/yaml/snakeyaml/1.19/snakeyaml-1.19.jar:/Users/nihui/Documents/Maven/env/java/apache-maven-3.3.9/repo/org/springframework/boot/spring-boot-starter-json/2.0.3.RELEASE/spring-boot-starter-json-2.0.3.RELEASE.jar:/Users/nihui/Documents/Maven/env/java/apache-maven-3.3.9/repo/com/fasterxml/jackson/core/jackson-databind/2.9.6/jackson-databind-2.9.6.jar:/Users/nihui/Documents/Maven/env/java/apache-maven-3.3.9/repo/com/fasterxml/jackson/core/jackson-annotations/2.9.0/jackson-annotations-2.9.0.jar:/Users/nihui/Documents/Maven/env/java/apache-maven-3.3.9/repo/com/fasterxml/jackson/core/jackson-core/2.9.6/jackson-core-2.9.6.jar:/Users/nihui/Documents/Maven/env/java/apache-maven-3.3.9/repo/com/fasterxml/jackson/datatype/jackson-datatype-jdk8/2.9.6/jackson-datatype-jdk8-2.9.6.jar:/Users/nihui/Documents/Maven/env/java/apache-maven-3.3.9/repo/com/fasterxml/jackson/datatype/jackson-datatype-jsr310/2.9.6/jackson-datatype-jsr310-2.9.6.jar:/Users/nihui/Documents/Maven/env/java/apache-maven-3.3.9/repo/com/fasterxml/jackson/module/jackson-module-parameter-names/2.9.6/jackson-module-parameter-names-2.9.6.jar:/Users/nihui/Documents/Maven/env/java/apache-maven-3.3.9/repo/org/springframework/boot/spring-boot-starter-tomcat/2.0.3.RELEASE/spring-boot-starter-tomcat-2.0.3.RELEASE.jar:/Users/nihui/Documents/Maven/env/java/apache-maven-3.3.9/repo/org/apache/tomcat/embed/tomcat-embed-core/8.5.31/tomcat-embed-core-8.5.31.jar:/Users/nihui/Documents/Maven/env/java/apache-maven-3.3.9/repo/org/apache/tomcat/embed/tomcat-embed-el/8.5.31/tomcat-embed-el-8.5.31.jar:/Users/nihui/Documents/Maven/env/java/apache-maven-3.3.9/repo/org/apache/tomcat/embed/tomcat-embed-websocket/8.5.31/tomcat-embed-websocket-8.5.31.jar:/Users/nihui/Documents/Maven/env/java/apache-maven-3.3.9/repo/org/hibernate/validator/hibernate-validator/6.0.10.Final/hibernate-validator-6.0.10.Final.jar:/Users/nihui/Documents/Maven/env/java/apache-maven-3.3.9/repo/javax/validation/validation-api/2.0.1.Final/validation-api-2.0.1.Final.jar:/Users/nihui/Documents/Maven/env/java/apache-maven-3.3.9/repo/org/jboss/logging/jboss-logging/3.3.2.Final/jboss-logging-3.3.2.Final.jar:/Users/nihui/Documents/Maven/env/java/apache-maven-3.3.9/repo/com/fasterxml/classmate/1.3.4/classmate-1.3.4.jar:/Users/nihui/Documents/Maven/env/java/apache-maven-3.3.9/repo/org/springframework/spring-web/5.0.7.RELEASE/spring-web-5.0.7.RELEASE.jar:/Users/nihui/Documents/Maven/env/java/apache-maven-3.3.9/repo/org/springframework/spring-beans/5.0.7.RELEASE/spring-beans-5.0.7.RELEASE.jar:/Users/nihui/Documents/Maven/env/java/apache-maven-3.3.9/repo/org/springframework/spring-webmvc/5.0.7.RELEASE/spring-webmvc-5.0.7.RELEASE.jar:/Users/nihui/Documents/Maven/env/java/apache-maven-3.3.9/repo/org/springframework/spring-aop/5.0.7.RELEASE/spring-aop-5.0.7.RELEASE.jar:/Users/nihui/Documents/Maven/env/java/apache-maven-3.3.9/repo/org/springframework/spring-context/5.0.7.RELEASE/spring-context-5.0.7.RELEASE.jar:/Users/nihui/Documents/Maven/env/java/apache-maven-3.3.9/repo/org/springframework/spring-expression/5.0.7.RELEASE/spring-expression-5.0.7.RELEASE.jar:/Users/nihui/Documents/Maven/env/java/apache-maven-3.3.9/repo/org/springframework/boot/spring-boot-starter-test/2.0.3.RELEASE/spring-boot-starter-test-2.0.3.RELEASE.jar:/Users/nihui/Documents/Maven/env/java/apache-maven-3.3.9/repo/org/springframework/boot/spring-boot-test/2.0.3.RELEASE/spring-boot-test-2.0.3.RELEASE.jar:/Users/nihui/Documents/Maven/env/java/apache-maven-3.3.9/repo/org/springframework/boot/spring-boot-test-autoconfigure/2.0.3.RELEASE/spring-boot-test-autoconfigure-2.0.3.RELEASE.jar:/Users/nihui/Documents/Maven/env/java/apache-maven-3.3.9/repo/com/jayway/jsonpath/json-path/2.4.0/json-path-2.4.0.jar:/Users/nihui/Documents/Maven/env/java/apache-maven-3.3.9/repo/net/minidev/json-smart/2.3/json-smart-2.3.jar:/Users/nihui/Documents/Maven/env/java/apache-maven-3.3.9/repo/net/minidev/accessors-smart/1.2/accessors-smart-1.2.jar:/Users/nihui/Documents/Maven/env/java/apache-maven-3.3.9/repo/org/ow2/asm/asm/5.0.4/asm-5.0.4.jar:/Users/nihui/Documents/Maven/env/java/apache-maven-3.3.9/repo/junit/junit/4.12/junit-4.12.jar:/Users/nihui/Documents/Maven/env/java/apache-maven-3.3.9/repo/org/assertj/assertj-core/3.9.1/assertj-core-3.9.1.jar:/Users/nihui/Documents/Maven/env/java/apache-maven-3.3.9/repo/org/mockito/mockito-core/2.15.0/mockito-core-2.15.0.jar:/Users/nihui/Documents/Maven/env/java/apache-maven-3.3.9/repo/net/bytebuddy/byte-buddy/1.7.11/byte-buddy-1.7.11.jar:/Users/nihui/Documents/Maven/env/java/apache-maven-3.3.9/repo/net/bytebuddy/byte-buddy-agent/1.7.11/byte-buddy-agent-1.7.11.jar:/Users/nihui/Documents/Maven/env/java/apache-maven-3.3.9/repo/org/objenesis/objenesis/2.6/objenesis-2.6.jar:/Users/nihui/Documents/Maven/env/java/apache-maven-3.3.9/repo/org/hamcrest/hamcrest-core/1.3/hamcrest-core-1.3.jar:/Users/nihui/Documents/Maven/env/java/apache-maven-3.3.9/repo/org/hamcrest/hamcrest-library/1.3/hamcrest-library-1.3.jar:/Users/nihui/Documents/Maven/env/java/apache-maven-3.3.9/repo/org/skyscreamer/jsonassert/1.5.0/jsonassert-1.5.0.jar:/Users/nihui/Documents/Maven/env/java/apache-maven-3.3.9/repo/com/vaadin/external/google/android-json/0.0.20131108.vaadin1/android-json-0.0.20131108.vaadin1.jar:/Users/nihui/Documents/Maven/env/java/apache-maven-3.3.9/repo/org/springframework/spring-core/5.0.7.RELEASE/spring-core-5.0.7.RELEASE.jar:/Users/nihui/Documents/Maven/env/java/apache-maven-3.3.9/repo/org/springframework/spring-jcl/5.0.7.RELEASE/spring-jcl-5.0.7.RELEASE.jar:/Users/nihui/Documents/Maven/env/java/apache-maven-3.3.9/repo/org/springframework/spring-test/5.0.7.RELEASE/spring-test-5.0.7.RELEASE.jar:/Users/nihui/Documents/Maven/env/java/apache-maven-3.3.9/repo/org/xmlunit/xmlunit-core/2.5.1/xmlunit-core-2.5.1.jar:/Users/nihui/Documents/Maven/env/java/apache-maven-3.3.9/repo/org/springframework/boot/spring-boot-configuration-processor/2.0.3.RELEASE/spring-boot-configuration-processor-2.0.3.RELEASE.jar:/Users/nihui/Documents/Maven/env/java/apache-maven-3.3.9/repo/com/googlecode/xmemcached/xmemcached/2.4.5/xmemcached-2.4.5.jar:/Users/nihui/Documents/Maven/env/java/apache-maven-3.3.9/repo/org/slf4j/slf4j-api/1.7.25/slf4j-api-1.7.25.jar:, user.name=nihui, java.vm.specification.version=1.8, sun.java.command=/Users/nihui/Documents/IDEAProject/SpringBoot/springboot-22-memcache/target/surefire/surefirebooter8042611704076024540.jar /Users/nihui/Documents/IDEAProject/SpringBoot/springboot-22-memcache/target/surefire 2019-09-21T13-57-35_369-jvmRun1 surefire5868924828148798768tmp surefire_09190107250723949388tmp, java.home=/Library/Java/JavaVirtualMachines/jdk1.8.0_74.jdk/Contents/Home/jre, sun.arch.data.model=64, user.language=zh, java.specification.vendor=Oracle Corporation, awt.toolkit=sun.lwawt.macosx.LWCToolkit, java.vm.info=mixed mode, java.version=1.8.0_74, java.ext.dirs=/Users/nihui/Library/Java/Extensions:/Library/Java/JavaVirtualMachines/jdk1.8.0_74.jdk/Contents/Home/jre/lib/ext:/Library/Java/Extensions:/Network/Library/Java/Extensions:/System/Library/Java/Extensions:/usr/lib/java, sun.boot.class.path=/Library/Java/JavaVirtualMachines/jdk1.8.0_74.jdk/Contents/Home/jre/lib/resources.jar:/Library/Java/JavaVirtualMachines/jdk1.8.0_74.jdk/Contents/Home/jre/lib/rt.jar:/Library/Java/JavaVirtualMachines/jdk1.8.0_74.jdk/Contents/Home/jre/lib/sunrsasign.jar:/Library/Java/JavaVirtualMachines/jdk1.8.0_74.jdk/Contents/Home/jre/lib/jsse.jar:/Library/Java/JavaVirtualMachines/jdk1.8.0_74.jdk/Contents/Home/jre/lib/jce.jar:/Library/Java/JavaVirtualMachines/jdk1.8.0_74.jdk/Contents/Home/jre/lib/charsets.jar:/Library/Java/JavaVirtualMachines/jdk1.8.0_74.jdk/Contents/Home/jre/lib/jfr.jar:/Library/Java/JavaVirtualMachines/jdk1.8.0_74.jdk/Contents/Home/jre/classes, java.vendor=Oracle Corporation, localRepository=/Users/nihui/Documents/Maven/env/java/apache-maven-3.3.9/repo, file.separator=/, java.vendor.url.bug=http://bugreport.sun.com/bugreport/, sun.io.unicode.encoding=UnicodeBig, sun.cpu.endian=little, socksNonProxyHosts=local|*.local|169.254/16|*.169.254/16, ftp.nonProxyHosts=local|*.local|169.254/16|*.169.254/16, sun.cpu.isalist=}}, SystemEnvironmentPropertySource@645482568 {name='systemEnvironment', properties={PATH=/Library/Frameworks/Python.framework/Versions/3.6/bin:/usr/local/bin:/usr/bin:/bin:/usr/sbin:/sbin:/Users/nihui/Documents/Maven/apache-maven-3.6.1/bin:/Users/nihui/Documents/Gradle/gradle-4.6/bin:/usr/local/mysql/bin:/Users/nihui/Documents/NodeJSAndNpm/node-v10.16.3-darwin-x64/bin, JAVA_ARCH=x86_64, TERM=xterm-256color, GRADLE_HOME=/Users/nihui/Documents/Gradle/gradle-4.6, MAVEN_HOME=/Users/nihui/Documents/Maven/apache-maven-3.6.1, LOGNAME=nihui, NPM_HOME=/Users/nihui/Documents/NodeJSAndNpm/node-v10.16.3-darwin-x64, XPC_SERVICE_NAME=0, PWD=/Users/nihui/Documents/IDEAProject/SpringBoot/springboot-22-memcache, MAVEN_CMD_LINE_ARGS= install, _=/Library/Java/JavaVirtualMachines/jdk1.8.0_74.jdk/Contents/Home/jre/bin/java, SHELL=/bin/bash, MAVEN_PROJECTBASEDIR=/Users/nihui/Documents/IDEAProject/SpringBoot/springboot-22-memcache, OLDPWD=/Users/nihui/Documents/IDEAProject/SpringBoot/springboot-22-memcache, USER=nihui, TMPDIR=/var/folders/j5/2623h9kj7235x5190hb1zs2w0000gn/T/, SSH_AUTH_SOCK=/private/tmp/com.apple.launchd.a9UpclGJYs/Listeners, XPC_FLAGS=0x0, JAVA_MAIN_CLASS_2609=org.apache.maven.surefire.booter.ForkedBooter, __CF_USER_TEXT_ENCODING=0x1F5:0x19:0x34, Apple_PubSub_Socket_Render=/private/tmp/com.apple.launchd.DJDGySHS3M/Render, com.apple.java.jvmTask=CommandLine, LC_CTYPE=zh_CN.UTF-8, JAVA_MAIN_CLASS_2589=org.codehaus.plexus.classworlds.launcher.Launcher, HOME=/Users/nihui, SHLVL=2}}]
13:57:46.192 [main] DEBUG org.springframework.test.context.support.TestPropertySourceUtils - Adding inlined properties to environment: {spring.jmx.enabled=false, org.springframework.boot.test.context.SpringBootTestContextBootstrapper=true, server.port=-1}
13:57:46.192 [main] DEBUG org.springframework.core.env.StandardEnvironment - Adding PropertySource 'Inlined Test Properties' with highest search precedence

  .   ____          _            __ _ _
 /\\ / ___'_ __ _ _(_)_ __  __ _ \ \ \ \
( ( )\___ | '_ | '_| | '_ \/ _` | \ \ \ \
 \\/  ___)| |_)| | | | | || (_| |  ) ) ) )
  '  |____| .__|_| |_|_| |_\__, | / / / /
 =========|_|==============|___/=/_/_/_/
 :: Spring Boot ::        (v2.0.3.RELEASE)

2019-09-21 13:57:46.400  INFO 2609 --- [           main] c.nh.memcache.MemcacheApplicationTests   : Starting MemcacheApplicationTests on bogon with PID 2609 (started by nihui in /Users/nihui/Documents/IDEAProject/SpringBoot/springboot-22-memcache)
2019-09-21 13:57:46.401  INFO 2609 --- [           main] c.nh.memcache.MemcacheApplicationTests   : No active profile set, falling back to default profiles: default
2019-09-21 13:57:46.436  INFO 2609 --- [           main] o.s.w.c.s.GenericWebApplicationContext   : Refreshing org.springframework.web.context.support.GenericWebApplicationContext@3012646b: startup date [Sat Sep 21 13:57:46 CST 2019]; root of context hierarchy
2019-09-21 13:57:47.032  WARN 2609 --- [           main] o.s.w.c.s.GenericWebApplicationContext   : Exception encountered during context initialization - cancelling refresh attempt: org.springframework.beans.factory.BeanCreationException: Error creating bean with name 'getMemcachedClinet' defined in class path resource [com/nh/memcache/config/MemcachedBuilder.class]: Bean instantiation via factory method failed; nested exception is org.springframework.beans.BeanInstantiationException: Failed to instantiate [net.rubyeye.xmemcached.MemcachedClient]: Factory method 'getMemcachedClinet' threw exception; nested exception is java.lang.IllegalArgumentException: Invalid opTimeout value:0
2019-09-21 13:57:47.041  INFO 2609 --- [           main] ConditionEvaluationReportLoggingListener : 

Error starting ApplicationContext. To display the conditions report re-run your application with 'debug' enabled.
2019-09-21 13:57:47.049 ERROR 2609 --- [           main] o.s.boot.SpringApplication               : Application run failed

org.springframework.beans.factory.BeanCreationException: Error creating bean with name 'getMemcachedClinet' defined in class path resource [com/nh/memcache/config/MemcachedBuilder.class]: Bean instantiation via factory method failed; nested exception is org.springframework.beans.BeanInstantiationException: Failed to instantiate [net.rubyeye.xmemcached.MemcachedClient]: Factory method 'getMemcachedClinet' threw exception; nested exception is java.lang.IllegalArgumentException: Invalid opTimeout value:0
	at org.springframework.beans.factory.support.ConstructorResolver.instantiateUsingFactoryMethod(ConstructorResolver.java:590) ~[spring-beans-5.0.7.RELEASE.jar:5.0.7.RELEASE]
	at org.springframework.beans.factory.support.AbstractAutowireCapableBeanFactory.instantiateUsingFactoryMethod(AbstractAutowireCapableBeanFactory.java:1256) ~[spring-beans-5.0.7.RELEASE.jar:5.0.7.RELEASE]
	at org.springframework.beans.factory.support.AbstractAutowireCapableBeanFactory.createBeanInstance(AbstractAutowireCapableBeanFactory.java:1105) ~[spring-beans-5.0.7.RELEASE.jar:5.0.7.RELEASE]
	at org.springframework.beans.factory.support.AbstractAutowireCapableBeanFactory.doCreateBean(AbstractAutowireCapableBeanFactory.java:543) ~[spring-beans-5.0.7.RELEASE.jar:5.0.7.RELEASE]
	at org.springframework.beans.factory.support.AbstractAutowireCapableBeanFactory.createBean(AbstractAutowireCapableBeanFactory.java:503) ~[spring-beans-5.0.7.RELEASE.jar:5.0.7.RELEASE]
	at org.springframework.beans.factory.support.AbstractBeanFactory.lambda$doGetBean$0(AbstractBeanFactory.java:317) ~[spring-beans-5.0.7.RELEASE.jar:5.0.7.RELEASE]
	at org.springframework.beans.factory.support.DefaultSingletonBeanRegistry.getSingleton(DefaultSingletonBeanRegistry.java:222) ~[spring-beans-5.0.7.RELEASE.jar:5.0.7.RELEASE]
	at org.springframework.beans.factory.support.AbstractBeanFactory.doGetBean(AbstractBeanFactory.java:315) ~[spring-beans-5.0.7.RELEASE.jar:5.0.7.RELEASE]
	at org.springframework.beans.factory.support.AbstractBeanFactory.getBean(AbstractBeanFactory.java:199) ~[spring-beans-5.0.7.RELEASE.jar:5.0.7.RELEASE]
	at org.springframework.beans.factory.support.DefaultListableBeanFactory.preInstantiateSingletons(DefaultListableBeanFactory.java:760) ~[spring-beans-5.0.7.RELEASE.jar:5.0.7.RELEASE]
	at org.springframework.context.support.AbstractApplicationContext.finishBeanFactoryInitialization(AbstractApplicationContext.java:869) ~[spring-context-5.0.7.RELEASE.jar:5.0.7.RELEASE]
	at org.springframework.context.support.AbstractApplicationContext.refresh(AbstractApplicationContext.java:550) ~[spring-context-5.0.7.RELEASE.jar:5.0.7.RELEASE]
	at org.springframework.boot.SpringApplication.refresh(SpringApplication.java:759) ~[spring-boot-2.0.3.RELEASE.jar:2.0.3.RELEASE]
	at org.springframework.boot.SpringApplication.refreshContext(SpringApplication.java:395) ~[spring-boot-2.0.3.RELEASE.jar:2.0.3.RELEASE]
	at org.springframework.boot.SpringApplication.run(SpringApplication.java:327) ~[spring-boot-2.0.3.RELEASE.jar:2.0.3.RELEASE]
	at org.springframework.boot.test.context.SpringBootContextLoader.loadContext(SpringBootContextLoader.java:139) [spring-boot-test-2.0.3.RELEASE.jar:2.0.3.RELEASE]
	at org.springframework.test.context.cache.DefaultCacheAwareContextLoaderDelegate.loadContextInternal(DefaultCacheAwareContextLoaderDelegate.java:99) [spring-test-5.0.7.RELEASE.jar:5.0.7.RELEASE]
	at org.springframework.test.context.cache.DefaultCacheAwareContextLoaderDelegate.loadContext(DefaultCacheAwareContextLoaderDelegate.java:117) [spring-test-5.0.7.RELEASE.jar:5.0.7.RELEASE]
	at org.springframework.test.context.support.DefaultTestContext.getApplicationContext(DefaultTestContext.java:108) [spring-test-5.0.7.RELEASE.jar:5.0.7.RELEASE]
	at org.springframework.test.context.web.ServletTestExecutionListener.setUpRequestContextIfNecessary(ServletTestExecutionListener.java:190) [spring-test-5.0.7.RELEASE.jar:5.0.7.RELEASE]
	at org.springframework.test.context.web.ServletTestExecutionListener.prepareTestInstance(ServletTestExecutionListener.java:132) [spring-test-5.0.7.RELEASE.jar:5.0.7.RELEASE]
	at org.springframework.test.context.TestContextManager.prepareTestInstance(TestContextManager.java:246) [spring-test-5.0.7.RELEASE.jar:5.0.7.RELEASE]
	at org.springframework.test.context.junit4.SpringJUnit4ClassRunner.createTest(SpringJUnit4ClassRunner.java:227) [spring-test-5.0.7.RELEASE.jar:5.0.7.RELEASE]
	at org.springframework.test.context.junit4.SpringJUnit4ClassRunner$1.runReflectiveCall(SpringJUnit4ClassRunner.java:289) [spring-test-5.0.7.RELEASE.jar:5.0.7.RELEASE]
	at org.junit.internal.runners.model.ReflectiveCallable.run(ReflectiveCallable.java:12) [junit-4.12.jar:4.12]
	at org.springframework.test.context.junit4.SpringJUnit4ClassRunner.methodBlock(SpringJUnit4ClassRunner.java:291) [spring-test-5.0.7.RELEASE.jar:5.0.7.RELEASE]
	at org.springframework.test.context.junit4.SpringJUnit4ClassRunner.runChild(SpringJUnit4ClassRunner.java:246) [spring-test-5.0.7.RELEASE.jar:5.0.7.RELEASE]
	at org.springframework.test.context.junit4.SpringJUnit4ClassRunner.runChild(SpringJUnit4ClassRunner.java:97) [spring-test-5.0.7.RELEASE.jar:5.0.7.RELEASE]
	at org.junit.runners.ParentRunner$3.run(ParentRunner.java:290) [junit-4.12.jar:4.12]
	at org.junit.runners.ParentRunner$1.schedule(ParentRunner.java:71) [junit-4.12.jar:4.12]
	at org.junit.runners.ParentRunner.runChildren(ParentRunner.java:288) [junit-4.12.jar:4.12]
	at org.junit.runners.ParentRunner.access$000(ParentRunner.java:58) [junit-4.12.jar:4.12]
	at org.junit.runners.ParentRunner$2.evaluate(ParentRunner.java:268) [junit-4.12.jar:4.12]
	at org.springframework.test.context.junit4.statements.RunBeforeTestClassCallbacks.evaluate(RunBeforeTestClassCallbacks.java:61) [spring-test-5.0.7.RELEASE.jar:5.0.7.RELEASE]
	at org.springframework.test.context.junit4.statements.RunAfterTestClassCallbacks.evaluate(RunAfterTestClassCallbacks.java:70) [spring-test-5.0.7.RELEASE.jar:5.0.7.RELEASE]
	at org.junit.runners.ParentRunner.run(ParentRunner.java:363) [junit-4.12.jar:4.12]
	at org.springframework.test.context.junit4.SpringJUnit4ClassRunner.run(SpringJUnit4ClassRunner.java:190) [spring-test-5.0.7.RELEASE.jar:5.0.7.RELEASE]
	at org.apache.maven.surefire.junit4.JUnit4Provider.execute(JUnit4Provider.java:365) [surefire-junit4-2.21.0.jar:2.21.0]
	at org.apache.maven.surefire.junit4.JUnit4Provider.executeWithRerun(JUnit4Provider.java:273) [surefire-junit4-2.21.0.jar:2.21.0]
	at org.apache.maven.surefire.junit4.JUnit4Provider.executeTestSet(JUnit4Provider.java:238) [surefire-junit4-2.21.0.jar:2.21.0]
	at org.apache.maven.surefire.junit4.JUnit4Provider.invoke(JUnit4Provider.java:159) [surefire-junit4-2.21.0.jar:2.21.0]
	at org.apache.maven.surefire.booter.ForkedBooter.invokeProviderInSameClassLoader(ForkedBooter.java:379) [surefire-booter-2.21.0.jar:2.21.0]
	at org.apache.maven.surefire.booter.ForkedBooter.runSuitesInProcess(ForkedBooter.java:340) [surefire-booter-2.21.0.jar:2.21.0]
	at org.apache.maven.surefire.booter.ForkedBooter.execute(ForkedBooter.java:125) [surefire-booter-2.21.0.jar:2.21.0]
	at org.apache.maven.surefire.booter.ForkedBooter.main(ForkedBooter.java:413) [surefire-booter-2.21.0.jar:2.21.0]
Caused by: org.springframework.beans.BeanInstantiationException: Failed to instantiate [net.rubyeye.xmemcached.MemcachedClient]: Factory method 'getMemcachedClinet' threw exception; nested exception is java.lang.IllegalArgumentException: Invalid opTimeout value:0
	at org.springframework.beans.factory.support.SimpleInstantiationStrategy.instantiate(SimpleInstantiationStrategy.java:185) ~[spring-beans-5.0.7.RELEASE.jar:5.0.7.RELEASE]
	at org.springframework.beans.factory.support.ConstructorResolver.instantiateUsingFactoryMethod(ConstructorResolver.java:582) ~[spring-beans-5.0.7.RELEASE.jar:5.0.7.RELEASE]
	... 44 common frames omitted
Caused by: java.lang.IllegalArgumentException: Invalid opTimeout value:0
	at net.rubyeye.xmemcached.XMemcachedClientBuilder.setOpTimeout(XMemcachedClientBuilder.java:80) ~[xmemcached-2.4.5.jar:na]
	at com.nh.memcache.config.MemcachedBuilder.getMemcachedClinet(MemcachedBuilder.java:34) ~[classes/:na]
	at com.nh.memcache.config.MemcachedBuilder$$EnhancerBySpringCGLIB$$c73864c3.CGLIB$getMemcachedClinet$0(<generated>) ~[classes/:na]
	at com.nh.memcache.config.MemcachedBuilder$$EnhancerBySpringCGLIB$$c73864c3$$FastClassBySpringCGLIB$$740eda2a.invoke(<generated>) ~[classes/:na]
	at org.springframework.cglib.proxy.MethodProxy.invokeSuper(MethodProxy.java:228) ~[spring-core-5.0.7.RELEASE.jar:5.0.7.RELEASE]
	at org.springframework.context.annotation.ConfigurationClassEnhancer$BeanMethodInterceptor.intercept(ConfigurationClassEnhancer.java:361) ~[spring-context-5.0.7.RELEASE.jar:5.0.7.RELEASE]
	at com.nh.memcache.config.MemcachedBuilder$$EnhancerBySpringCGLIB$$c73864c3.getMemcachedClinet(<generated>) ~[classes/:na]
	at sun.reflect.NativeMethodAccessorImpl.invoke0(Native Method) ~[na:1.8.0_74]
	at sun.reflect.NativeMethodAccessorImpl.invoke(NativeMethodAccessorImpl.java:62) ~[na:1.8.0_74]
	at sun.reflect.DelegatingMethodAccessorImpl.invoke(DelegatingMethodAccessorImpl.java:43) ~[na:1.8.0_74]
	at java.lang.reflect.Method.invoke(Method.java:498) ~[na:1.8.0_74]
	at org.springframework.beans.factory.support.SimpleInstantiationStrategy.instantiate(SimpleInstantiationStrategy.java:154) ~[spring-beans-5.0.7.RELEASE.jar:5.0.7.RELEASE]
	... 45 common frames omitted

2019-09-21 13:57:47.051 ERROR 2609 --- [           main] o.s.test.context.TestContextManager      : Caught exception while allowing TestExecutionListener [org.springframework.test.context.web.ServletTestExecutionListener@34a3d150] to prepare test instance [com.nh.memcache.MemcacheApplicationTests@54107f42]

java.lang.IllegalStateException: Failed to load ApplicationContext
	at org.springframework.test.context.cache.DefaultCacheAwareContextLoaderDelegate.loadContext(DefaultCacheAwareContextLoaderDelegate.java:125) ~[spring-test-5.0.7.RELEASE.jar:5.0.7.RELEASE]
	at org.springframework.test.context.support.DefaultTestContext.getApplicationContext(DefaultTestContext.java:108) ~[spring-test-5.0.7.RELEASE.jar:5.0.7.RELEASE]
	at org.springframework.test.context.web.ServletTestExecutionListener.setUpRequestContextIfNecessary(ServletTestExecutionListener.java:190) ~[spring-test-5.0.7.RELEASE.jar:5.0.7.RELEASE]
	at org.springframework.test.context.web.ServletTestExecutionListener.prepareTestInstance(ServletTestExecutionListener.java:132) ~[spring-test-5.0.7.RELEASE.jar:5.0.7.RELEASE]
	at org.springframework.test.context.TestContextManager.prepareTestInstance(TestContextManager.java:246) ~[spring-test-5.0.7.RELEASE.jar:5.0.7.RELEASE]
	at org.springframework.test.context.junit4.SpringJUnit4ClassRunner.createTest(SpringJUnit4ClassRunner.java:227) [spring-test-5.0.7.RELEASE.jar:5.0.7.RELEASE]
	at org.springframework.test.context.junit4.SpringJUnit4ClassRunner$1.runReflectiveCall(SpringJUnit4ClassRunner.java:289) [spring-test-5.0.7.RELEASE.jar:5.0.7.RELEASE]
	at org.junit.internal.runners.model.ReflectiveCallable.run(ReflectiveCallable.java:12) [junit-4.12.jar:4.12]
	at org.springframework.test.context.junit4.SpringJUnit4ClassRunner.methodBlock(SpringJUnit4ClassRunner.java:291) [spring-test-5.0.7.RELEASE.jar:5.0.7.RELEASE]
	at org.springframework.test.context.junit4.SpringJUnit4ClassRunner.runChild(SpringJUnit4ClassRunner.java:246) [spring-test-5.0.7.RELEASE.jar:5.0.7.RELEASE]
	at org.springframework.test.context.junit4.SpringJUnit4ClassRunner.runChild(SpringJUnit4ClassRunner.java:97) [spring-test-5.0.7.RELEASE.jar:5.0.7.RELEASE]
	at org.junit.runners.ParentRunner$3.run(ParentRunner.java:290) [junit-4.12.jar:4.12]
	at org.junit.runners.ParentRunner$1.schedule(ParentRunner.java:71) [junit-4.12.jar:4.12]
	at org.junit.runners.ParentRunner.runChildren(ParentRunner.java:288) [junit-4.12.jar:4.12]
	at org.junit.runners.ParentRunner.access$000(ParentRunner.java:58) [junit-4.12.jar:4.12]
	at org.junit.runners.ParentRunner$2.evaluate(ParentRunner.java:268) [junit-4.12.jar:4.12]
	at org.springframework.test.context.junit4.statements.RunBeforeTestClassCallbacks.evaluate(RunBeforeTestClassCallbacks.java:61) [spring-test-5.0.7.RELEASE.jar:5.0.7.RELEASE]
	at org.springframework.test.context.junit4.statements.RunAfterTestClassCallbacks.evaluate(RunAfterTestClassCallbacks.java:70) [spring-test-5.0.7.RELEASE.jar:5.0.7.RELEASE]
	at org.junit.runners.ParentRunner.run(ParentRunner.java:363) [junit-4.12.jar:4.12]
	at org.springframework.test.context.junit4.SpringJUnit4ClassRunner.run(SpringJUnit4ClassRunner.java:190) [spring-test-5.0.7.RELEASE.jar:5.0.7.RELEASE]
	at org.apache.maven.surefire.junit4.JUnit4Provider.execute(JUnit4Provider.java:365) [surefire-junit4-2.21.0.jar:2.21.0]
	at org.apache.maven.surefire.junit4.JUnit4Provider.executeWithRerun(JUnit4Provider.java:273) [surefire-junit4-2.21.0.jar:2.21.0]
	at org.apache.maven.surefire.junit4.JUnit4Provider.executeTestSet(JUnit4Provider.java:238) [surefire-junit4-2.21.0.jar:2.21.0]
	at org.apache.maven.surefire.junit4.JUnit4Provider.invoke(JUnit4Provider.java:159) [surefire-junit4-2.21.0.jar:2.21.0]
	at org.apache.maven.surefire.booter.ForkedBooter.invokeProviderInSameClassLoader(ForkedBooter.java:379) [surefire-booter-2.21.0.jar:2.21.0]
	at org.apache.maven.surefire.booter.ForkedBooter.runSuitesInProcess(ForkedBooter.java:340) [surefire-booter-2.21.0.jar:2.21.0]
	at org.apache.maven.surefire.booter.ForkedBooter.execute(ForkedBooter.java:125) [surefire-booter-2.21.0.jar:2.21.0]
	at org.apache.maven.surefire.booter.ForkedBooter.main(ForkedBooter.java:413) [surefire-booter-2.21.0.jar:2.21.0]
Caused by: org.springframework.beans.factory.BeanCreationException: Error creating bean with name 'getMemcachedClinet' defined in class path resource [com/nh/memcache/config/MemcachedBuilder.class]: Bean instantiation via factory method failed; nested exception is org.springframework.beans.BeanInstantiationException: Failed to instantiate [net.rubyeye.xmemcached.MemcachedClient]: Factory method 'getMemcachedClinet' threw exception; nested exception is java.lang.IllegalArgumentException: Invalid opTimeout value:0
	at org.springframework.beans.factory.support.ConstructorResolver.instantiateUsingFactoryMethod(ConstructorResolver.java:590) ~[spring-beans-5.0.7.RELEASE.jar:5.0.7.RELEASE]
	at org.springframework.beans.factory.support.AbstractAutowireCapableBeanFactory.instantiateUsingFactoryMethod(AbstractAutowireCapableBeanFactory.java:1256) ~[spring-beans-5.0.7.RELEASE.jar:5.0.7.RELEASE]
	at org.springframework.beans.factory.support.AbstractAutowireCapableBeanFactory.createBeanInstance(AbstractAutowireCapableBeanFactory.java:1105) ~[spring-beans-5.0.7.RELEASE.jar:5.0.7.RELEASE]
	at org.springframework.beans.factory.support.AbstractAutowireCapableBeanFactory.doCreateBean(AbstractAutowireCapableBeanFactory.java:543) ~[spring-beans-5.0.7.RELEASE.jar:5.0.7.RELEASE]
	at org.springframework.beans.factory.support.AbstractAutowireCapableBeanFactory.createBean(AbstractAutowireCapableBeanFactory.java:503) ~[spring-beans-5.0.7.RELEASE.jar:5.0.7.RELEASE]
	at org.springframework.beans.factory.support.AbstractBeanFactory.lambda$doGetBean$0(AbstractBeanFactory.java:317) ~[spring-beans-5.0.7.RELEASE.jar:5.0.7.RELEASE]
	at org.springframework.beans.factory.support.DefaultSingletonBeanRegistry.getSingleton(DefaultSingletonBeanRegistry.java:222) ~[spring-beans-5.0.7.RELEASE.jar:5.0.7.RELEASE]
	at org.springframework.beans.factory.support.AbstractBeanFactory.doGetBean(AbstractBeanFactory.java:315) ~[spring-beans-5.0.7.RELEASE.jar:5.0.7.RELEASE]
	at org.springframework.beans.factory.support.AbstractBeanFactory.getBean(AbstractBeanFactory.java:199) ~[spring-beans-5.0.7.RELEASE.jar:5.0.7.RELEASE]
	at org.springframework.beans.factory.support.DefaultListableBeanFactory.preInstantiateSingletons(DefaultListableBeanFactory.java:760) ~[spring-beans-5.0.7.RELEASE.jar:5.0.7.RELEASE]
	at org.springframework.context.support.AbstractApplicationContext.finishBeanFactoryInitialization(AbstractApplicationContext.java:869) ~[spring-context-5.0.7.RELEASE.jar:5.0.7.RELEASE]
	at org.springframework.context.support.AbstractApplicationContext.refresh(AbstractApplicationContext.java:550) ~[spring-context-5.0.7.RELEASE.jar:5.0.7.RELEASE]
	at org.springframework.boot.SpringApplication.refresh(SpringApplication.java:759) ~[spring-boot-2.0.3.RELEASE.jar:2.0.3.RELEASE]
	at org.springframework.boot.SpringApplication.refreshContext(SpringApplication.java:395) ~[spring-boot-2.0.3.RELEASE.jar:2.0.3.RELEASE]
	at org.springframework.boot.SpringApplication.run(SpringApplication.java:327) ~[spring-boot-2.0.3.RELEASE.jar:2.0.3.RELEASE]
	at org.springframework.boot.test.context.SpringBootContextLoader.loadContext(SpringBootContextLoader.java:139) ~[spring-boot-test-2.0.3.RELEASE.jar:2.0.3.RELEASE]
	at org.springframework.test.context.cache.DefaultCacheAwareContextLoaderDelegate.loadContextInternal(DefaultCacheAwareContextLoaderDelegate.java:99) ~[spring-test-5.0.7.RELEASE.jar:5.0.7.RELEASE]
	at org.springframework.test.context.cache.DefaultCacheAwareContextLoaderDelegate.loadContext(DefaultCacheAwareContextLoaderDelegate.java:117) ~[spring-test-5.0.7.RELEASE.jar:5.0.7.RELEASE]
	... 27 common frames omitted
Caused by: org.springframework.beans.BeanInstantiationException: Failed to instantiate [net.rubyeye.xmemcached.MemcachedClient]: Factory method 'getMemcachedClinet' threw exception; nested exception is java.lang.IllegalArgumentException: Invalid opTimeout value:0
	at org.springframework.beans.factory.support.SimpleInstantiationStrategy.instantiate(SimpleInstantiationStrategy.java:185) ~[spring-beans-5.0.7.RELEASE.jar:5.0.7.RELEASE]
	at org.springframework.beans.factory.support.ConstructorResolver.instantiateUsingFactoryMethod(ConstructorResolver.java:582) ~[spring-beans-5.0.7.RELEASE.jar:5.0.7.RELEASE]
	... 44 common frames omitted
Caused by: java.lang.IllegalArgumentException: Invalid opTimeout value:0
	at net.rubyeye.xmemcached.XMemcachedClientBuilder.setOpTimeout(XMemcachedClientBuilder.java:80) ~[xmemcached-2.4.5.jar:na]
	at com.nh.memcache.config.MemcachedBuilder.getMemcachedClinet(MemcachedBuilder.java:34) ~[classes/:na]
	at com.nh.memcache.config.MemcachedBuilder$$EnhancerBySpringCGLIB$$c73864c3.CGLIB$getMemcachedClinet$0(<generated>) ~[classes/:na]
	at com.nh.memcache.config.MemcachedBuilder$$EnhancerBySpringCGLIB$$c73864c3$$FastClassBySpringCGLIB$$740eda2a.invoke(<generated>) ~[classes/:na]
	at org.springframework.cglib.proxy.MethodProxy.invokeSuper(MethodProxy.java:228) ~[spring-core-5.0.7.RELEASE.jar:5.0.7.RELEASE]
	at org.springframework.context.annotation.ConfigurationClassEnhancer$BeanMethodInterceptor.intercept(ConfigurationClassEnhancer.java:361) ~[spring-context-5.0.7.RELEASE.jar:5.0.7.RELEASE]
	at com.nh.memcache.config.MemcachedBuilder$$EnhancerBySpringCGLIB$$c73864c3.getMemcachedClinet(<generated>) ~[classes/:na]
	at sun.reflect.NativeMethodAccessorImpl.invoke0(Native Method) ~[na:1.8.0_74]
	at sun.reflect.NativeMethodAccessorImpl.invoke(NativeMethodAccessorImpl.java:62) ~[na:1.8.0_74]
	at sun.reflect.DelegatingMethodAccessorImpl.invoke(DelegatingMethodAccessorImpl.java:43) ~[na:1.8.0_74]
	at java.lang.reflect.Method.invoke(Method.java:498) ~[na:1.8.0_74]
	at org.springframework.beans.factory.support.SimpleInstantiationStrategy.instantiate(SimpleInstantiationStrategy.java:154) ~[spring-beans-5.0.7.RELEASE.jar:5.0.7.RELEASE]
	... 45 common frames omitted

]]></system-out>
  </testcase>
</testsuite>